h:\knutsel_projectjes\hielke_lazer_shooty_game\lazer_shooty_game\x64\debug\vc142.pdb
h:\knutsel_projectjes\hielke_lazer_shooty_game\lazer_shooty_game\x64\debug\vc142.idb
h:\knutsel_projectjes\hielke_lazer_shooty_game\lazer_shooty_game\x64\debug\numberedbox.obj
h:\knutsel_projectjes\hielke_lazer_shooty_game\lazer_shooty_game\x64\debug\map.obj
h:\knutsel_projectjes\hielke_lazer_shooty_game\lazer_shooty_game\x64\debug\layer.obj
h:\knutsel_projectjes\hielke_lazer_shooty_game\lazer_shooty_game\x64\debug\inputtextfield.obj
h:\knutsel_projectjes\hielke_lazer_shooty_game\lazer_shooty_game\x64\debug\floatingtext.obj
h:\knutsel_projectjes\hielke_lazer_shooty_game\lazer_shooty_game\x64\debug\dropdownwidget.obj
h:\knutsel_projectjes\hielke_lazer_shooty_game\lazer_shooty_game\x64\debug\buttonbuilder.obj
h:\knutsel_projectjes\hielke_lazer_shooty_game\lazer_shooty_game\x64\debug\button.obj
h:\knutsel_projectjes\hielke_lazer_shooty_game\lazer_shooty_game\x64\debug\animationclip.obj
h:\knutsel_projectjes\hielke_lazer_shooty_game\lazer_shooty_game\x64\debug\maphierachywindow.obj
h:\knutsel_projectjes\hielke_lazer_shooty_game\lazer_shooty_game\x64\debug\mapeditorwindow.obj
h:\knutsel_projectjes\hielke_lazer_shooty_game\lazer_shooty_game\x64\debug\mapeditor.obj
h:\knutsel_projectjes\hielke_lazer_shooty_game\lazer_shooty_game\x64\debug\editorwindow.obj
h:\knutsel_projectjes\hielke_lazer_shooty_game\lazer_shooty_game\x64\debug\editor.obj
h:\knutsel_projectjes\hielke_lazer_shooty_game\lazer_shooty_game\x64\debug\animtionclipeditor.obj
h:\knutsel_projectjes\hielke_lazer_shooty_game\lazer_shooty_game\x64\debug\animclipeditorwindow.obj
h:\knutsel_projectjes\hielke_lazer_shooty_game\lazer_shooty_game\x64\debug\animationwindow.obj
h:\knutsel_projectjes\hielke_lazer_shooty_game\lazer_shooty_game\x64\debug\addmapcoliderwindow.obj
h:\knutsel_projectjes\hielke_lazer_shooty_game\lazer_shooty_game\x64\debug\addframewindow.obj
h:\knutsel_projectjes\hielke_lazer_shooty_game\lazer_shooty_game\x64\debug\playerdebuginfo.obj
h:\knutsel_projectjes\hielke_lazer_shooty_game\lazer_shooty_game\x64\debug\main.obj
h:\knutsel_projectjes\hielke_lazer_shooty_game\lazer_shooty_game\x64\debug\rabite.obj
h:\knutsel_projectjes\hielke_lazer_shooty_game\lazer_shooty_game\x64\debug\playerui.obj
h:\knutsel_projectjes\hielke_lazer_shooty_game\lazer_shooty_game\x64\debug\playercharacter.obj
h:\knutsel_projectjes\hielke_lazer_shooty_game\lazer_shooty_game\x64\debug\game.obj
h:\knutsel_projectjes\hielke_lazer_shooty_game\lazer_shooty_game\x64\debug\enemyloader.obj
h:\knutsel_projectjes\hielke_lazer_shooty_game\lazer_shooty_game\x64\debug\enemy.obj
h:\knutsel_projectjes\hielke_lazer_shooty_game\lazer_shooty_game\x64\debug\windowopener.obj
h:\knutsel_projectjes\hielke_lazer_shooty_game\lazer_shooty_game\x64\debug\texture.obj
h:\knutsel_projectjes\hielke_lazer_shooty_game\lazer_shooty_game\x64\debug\textfieldbuilder.obj
h:\knutsel_projectjes\hielke_lazer_shooty_game\lazer_shooty_game\x64\debug\textfield.obj
h:\knutsel_projectjes\hielke_lazer_shooty_game\lazer_shooty_game\x64\debug\text.obj
h:\knutsel_projectjes\hielke_lazer_shooty_game\lazer_shooty_game\x64\debug\sdlrenderer.obj
h:\knutsel_projectjes\hielke_lazer_shooty_game\lazer_shooty_game\x64\debug\scrollbar.obj
h:\knutsel_projectjes\hielke_lazer_shooty_game\lazer_shooty_game\x64\debug\resourcemanager.obj
h:\knutsel_projectjes\hielke_lazer_shooty_game\lazer_shooty_game\x64\debug\rendertarget.obj
h:\knutsel_projectjes\hielke_lazer_shooty_game\lazer_shooty_game\x64\debug\object.obj
h:\knutsel_projectjes\hielke_lazer_shooty_game\lazer_shooty_game\bin\debug\x64\lazer_shooty_game.ilk
h:\knutsel_projectjes\hielke_lazer_shooty_game\lazer_shooty_game\bin\debug\x64\lazer_shooty_game.exe
h:\knutsel_projectjes\hielke_lazer_shooty_game\lazer_shooty_game\bin\debug\x64\lazer_shooty_game.pdb
h:\knutsel_projectjes\hielke_lazer_shooty_game\lazer_shooty_game\\bin\debug\x64\lazer_shooty_game.pdb
h:\knutsel_projectjes\hielke_lazer_shooty_game\lazer_shooty_game\\bin\debug\x64\lazer_shooty_game.exe
h:\knutsel_projectjes\hielke_lazer_shooty_game\lazer_shooty_game\\bin\debug\x64\lazer_shooty_game.ilk
h:\knutsel_projectjes\hielke_lazer_shooty_game\lazer_shooty_game\x64\debug\lazer_sh.5ba0c618.tlog\cl.command.1.tlog
h:\knutsel_projectjes\hielke_lazer_shooty_game\lazer_shooty_game\x64\debug\lazer_sh.5ba0c618.tlog\cl.read.1.tlog
h:\knutsel_projectjes\hielke_lazer_shooty_game\lazer_shooty_game\x64\debug\lazer_sh.5ba0c618.tlog\cl.write.1.tlog
h:\knutsel_projectjes\hielke_lazer_shooty_game\lazer_shooty_game\x64\debug\lazer_sh.5ba0c618.tlog\link.command.1.tlog
h:\knutsel_projectjes\hielke_lazer_shooty_game\lazer_shooty_game\x64\debug\lazer_sh.5ba0c618.tlog\link.read.1.tlog
h:\knutsel_projectjes\hielke_lazer_shooty_game\lazer_shooty_game\x64\debug\lazer_sh.5ba0c618.tlog\link.write.1.tlog
